#
# There is insufficient memory for the Java Runtime Environment to continue.
# Native memory allocation (malloc) failed to allocate 32744 bytes for ChunkPool::allocate
# Possible reasons:
#   The system is out of physical RAM or swap space
#   The process is running with CompressedOops enabled, and the Java Heap may be blocking the growth of the native heap
# Possible solutions:
#   Reduce memory load on the system
#   Increase physical memory or swap space
#   Check if swap backing store is full
#   Decrease Java heap size (-Xmx/-Xms)
#   Decrease number of Java threads
#   Decrease Java thread stack sizes (-Xss)
#   Set larger code cache with -XX:ReservedCodeCacheSize=
#   JVM is running with Unscaled Compressed Oops mode in which the Java heap is
#     placed in the first 4GB address space. The Java Heap base address is the
#     maximum limit for the native heap growth. Please use -XX:HeapBaseMinAddress
#     to set the Java Heap base and to place the Java Heap above 4GB virtual address.
# This output file may be truncated or incomplete.
#
#  Out of Memory Error (./src/hotspot/share/memory/arena.cpp:81), pid=1308, tid=6820
#
# JRE version: OpenJDK Runtime Environment (11.0.7+10) (build 11.0.7+10)
# Java VM: OpenJDK 64-Bit Server VM (11.0.7+10, mixed mode, tiered, compressed oops, g1 gc, windows-amd64)
# No core dump will be written. Minidumps are not enabled by default on client versions of Windows
#

---------------  S U M M A R Y ------------

Command Line: -Dclassworlds.conf=E:\Program Files\TMCBeans\java\maven\bin\m2.conf -Dmaven.home=E:\Program Files\TMCBeans\java\maven -Dmaven.multiModuleProjectDirectory=C:\Users\curtis\Documents\NetBeansProjects\mooc-java-programming-i\part05-Part05_14.Books org.codehaus.plexus.classworlds.launcher.Launcher -Dexec.args=-classpath %classpath Main -Dexec.executable=C:\Program Files\AdoptOpenJDK\jdk-11.0.7.10-hotspot\bin\java.exe -Dfile.encoding=UTF-8 -T=1 -q process-classes org.codehaus.mojo:exec-maven-plugin:1.5.0:exec

Host: AMD FX(tm)-8320 Eight-Core Processor           , 8 cores, 7G,  Windows 10 , 64 bit Build 18362 (10.0.18362.1110)
Time: Thu Oct 15 19:28:02 2020 GMT Summer Time elapsed time: 0 seconds (0d 0h 0m 0s)

---------------  T H R E A D  ---------------

Current thread (0x000001fb6ed47800):  JavaThread "C2 CompilerThread0" daemon [_thread_in_native, id=6820, stack(0x0000007e98c00000,0x0000007e98d00000)]


Current CompileTask:
C2:    587  614  s!   4       jdk.internal.loader.URLClassPath::getLoader (194 bytes)

Stack: [0x0000007e98c00000,0x0000007e98d00000]
Native frames: (J=compiled Java code, j=interpreted, Vv=VM code, C=native code)
V  [jvm.dll+0x5dec5a]
V  [jvm.dll+0x71671e]
V  [jvm.dll+0x717def]
V  [jvm.dll+0x7184b3]
V  [jvm.dll+0x2409b8]
V  [jvm.dll+0xb993b]
V  [jvm.dll+0xb9c9c]
V  [jvm.dll+0xb97ed]
V  [jvm.dll+0x5bdf1f]
V  [jvm.dll+0x60edd4]
V  [jvm.dll+0x19364d]
V  [jvm.dll+0x1fa5a2]
V  [jvm.dll+0x1f964f]
V  [jvm.dll+0x17e11c]
V  [jvm.dll+0x208a97]
V  [jvm.dll+0x206c7b]
V  [jvm.dll+0x6db519]
V  [jvm.dll+0x6d47b4]
V  [jvm.dll+0x5ddbe6]
C  [ucrtbase.dll+0x210b2]
C  [KERNEL32.DLL+0x17c24]
C  [ntdll.dll+0x6cea1]


---------------  P R O C E S S  ---------------

Threads class SMR info:
_java_thread_list=0x000001fb70491300, length=12, elements={
0x000001fb4fdfc800, 0x000001fb6ed4d800, 0x000001fb6ed57000, 0x000001fb6ed45800,
0x000001fb6ed46800, 0x000001fb6ed47800, 0x000001fb6f66d800, 0x000001fb6ed59800,
0x000001fb6f7ff800, 0x000001fb6f80b800, 0x000001fb704a2800, 0x000001fb704d1800
}

Java Threads: ( => current thread )
  0x000001fb4fdfc800 JavaThread "main" [_thread_in_Java, id=3320, stack(0x0000007e98100000,0x0000007e98200000)]
  0x000001fb6ed4d800 JavaThread "Reference Handler" daemon [_thread_blocked, id=4108, stack(0x0000007e98800000,0x0000007e98900000)]
  0x000001fb6ed57000 JavaThread "Finalizer" daemon [_thread_blocked, id=13768, stack(0x0000007e98900000,0x0000007e98a00000)]
  0x000001fb6ed45800 JavaThread "Signal Dispatcher" daemon [_thread_blocked, id=6240, stack(0x0000007e98a00000,0x0000007e98b00000)]
  0x000001fb6ed46800 JavaThread "Attach Listener" daemon [_thread_blocked, id=14856, stack(0x0000007e98b00000,0x0000007e98c00000)]
=>0x000001fb6ed47800 JavaThread "C2 CompilerThread0" daemon [_thread_in_native, id=6820, stack(0x0000007e98c00000,0x0000007e98d00000)]
  0x000001fb6f66d800 JavaThread "C1 CompilerThread0" daemon [_thread_blocked, id=14832, stack(0x0000007e98d00000,0x0000007e98e00000)]
  0x000001fb6ed59800 JavaThread "Sweeper thread" daemon [_thread_blocked, id=14700, stack(0x0000007e98e00000,0x0000007e98f00000)]
  0x000001fb6f7ff800 JavaThread "Service Thread" daemon [_thread_blocked, id=9724, stack(0x0000007e98f00000,0x0000007e99000000)]
  0x000001fb6f80b800 JavaThread "Common-Cleaner" daemon [_thread_blocked, id=5740, stack(0x0000007e99100000,0x0000007e99200000)]
  0x000001fb704a2800 JavaThread "C2 CompilerThread1" daemon [_thread_in_native, id=10812, stack(0x0000007e99200000,0x0000007e99300000)]
  0x000001fb704d1800 JavaThread "C2 CompilerThread2" daemon [_thread_in_native, id=5736, stack(0x0000007e99300000,0x0000007e99400000)]

Other Threads:
  0x000001fb6ed15000 VMThread "VM Thread" [stack: 0x0000007e98700000,0x0000007e98800000] [id=15132]
  0x000001fb6f803000 WatcherThread [stack: 0x0000007e99000000,0x0000007e99100000] [id=1660]
  0x000001fb4fe14000 GCTaskThread "GC Thread#0" [stack: 0x0000007e98200000,0x0000007e98300000] [id=15128]
  0x000001fb4fe47000 ConcurrentGCThread "G1 Main Marker" [stack: 0x0000007e98300000,0x0000007e98400000] [id=12884]
  0x000001fb4fe48000 ConcurrentGCThread "G1 Conc#0" [stack: 0x0000007e98400000,0x0000007e98500000] [id=552]
  0x000001fb4fecb800 ConcurrentGCThread "G1 Refine#0" [stack: 0x0000007e98500000,0x0000007e98600000] [id=3556]
  0x000001fb4fecd000 ConcurrentGCThread "G1 Young RemSet Sampling" [stack: 0x0000007e98600000,0x0000007e98700000] [id=14560]

Threads with active compile tasks:
C2 CompilerThread0    678  614  s!   4       jdk.internal.loader.URLClassPath::getLoader (194 bytes)
C2 CompilerThread1    679  798       4       java.util.jar.JarFile::getEntry (22 bytes)
C2 CompilerThread2    679  774   !   4       java.util.concurrent.ConcurrentHashMap::putVal (432 bytes)

VM state:not at safepoint (normal execution)

VM Mutex/Monitor currently owned by a thread: None

Heap address: 0x0000000081800000, size: 2024 MB, Compressed Oops mode: 32-bit
Narrow klass base: 0x0000000000000000, Narrow klass shift: 3
Compressed class space size: 1073741824 Address: 0x0000000100000000

Heap:
 garbage-first heap   total 131072K, used 12288K [0x0000000081800000, 0x0000000100000000)
  region size 1024K, 14 young (14336K), 0 survivors (0K)
 Metaspace       used 11016K, capacity 11183K, committed 11520K, reserved 1058816K
  class space    used 1096K, capacity 1154K, committed 1280K, reserved 1048576K
Heap Regions: E=young(eden), S=young(survivor), O=old, HS=humongous(starts), HC=humongous(continues), CS=collection set, F=free, A=archive, TAMS=top-at-mark-start (previous, next)
|   0|0x0000000081800000, 0x0000000081800000, 0x0000000081900000|  0%| F|  |TAMS 0x0000000081800000, 0x0000000081800000| Untracked 
|   1|0x0000000081900000, 0x0000000081900000, 0x0000000081a00000|  0%| F|  |TAMS 0x0000000081900000, 0x0000000081900000| Untracked 
|   2|0x0000000081a00000, 0x0000000081a00000, 0x0000000081b00000|  0%| F|  |TAMS 0x0000000081a00000, 0x0000000081a00000| Untracked 
|   3|0x0000000081b00000, 0x0000000081b00000, 0x0000000081c00000|  0%| F|  |TAMS 0x0000000081b00000, 0x0000000081b00000| Untracked 
|   4|0x0000000081c00000, 0x0000000081c00000, 0x0000000081d00000|  0%| F|  |TAMS 0x0000000081c00000, 0x0000000081c00000| Untracked 
|   5|0x0000000081d00000, 0x0000000081d00000, 0x0000000081e00000|  0%| F|  |TAMS 0x0000000081d00000, 0x0000000081d00000| Untracked 
|   6|0x0000000081e00000, 0x0000000081e00000, 0x0000000081f00000|  0%| F|  |TAMS 0x0000000081e00000, 0x0000000081e00000| Untracked 
|   7|0x0000000081f00000, 0x0000000081f00000, 0x0000000082000000|  0%| F|  |TAMS 0x0000000081f00000, 0x0000000081f00000| Untracked 
|   8|0x0000000082000000, 0x0000000082000000, 0x0000000082100000|  0%| F|  |TAMS 0x0000000082000000, 0x0000000082000000| Untracked 
|   9|0x0000000082100000, 0x0000000082100000, 0x0000000082200000|  0%| F|  |TAMS 0x0000000082100000, 0x0000000082100000| Untracked 
|  10|0x0000000082200000, 0x0000000082200000, 0x0000000082300000|  0%| F|  |TAMS 0x0000000082200000, 0x0000000082200000| Untracked 
|  11|0x0000000082300000, 0x0000000082300000, 0x0000000082400000|  0%| F|  |TAMS 0x0000000082300000, 0x0000000082300000| Untracked 
|  12|0x0000000082400000, 0x0000000082400000, 0x0000000082500000|  0%| F|  |TAMS 0x0000000082400000, 0x0000000082400000| Untracked 
|  13|0x0000000082500000, 0x0000000082500000, 0x0000000082600000|  0%| F|  |TAMS 0x0000000082500000, 0x0000000082500000| Untracked 
|  14|0x0000000082600000, 0x0000000082600000, 0x0000000082700000|  0%| F|  |TAMS 0x0000000082600000, 0x0000000082600000| Untracked 
|  15|0x0000000082700000, 0x0000000082700000, 0x0000000082800000|  0%| F|  |TAMS 0x0000000082700000, 0x0000000082700000| Untracked 
|  16|0x0000000082800000, 0x0000000082800000, 0x0000000082900000|  0%| F|  |TAMS 0x0000000082800000, 0x0000000082800000| Untracked 
|  17|0x0000000082900000, 0x0000000082900000, 0x0000000082a00000|  0%| F|  |TAMS 0x0000000082900000, 0x0000000082900000| Untracked 
|  18|0x0000000082a00000, 0x0000000082a00000, 0x0000000082b00000|  0%| F|  |TAMS 0x0000000082a00000, 0x0000000082a00000| Untracked 
|  19|0x0000000082b00000, 0x0000000082b00000, 0x0000000082c00000|  0%| F|  |TAMS 0x0000000082b00000, 0x0000000082b00000| Untracked 
|  20|0x0000000082c00000, 0x0000000082c00000, 0x0000000082d00000|  0%| F|  |TAMS 0x0000000082c00000, 0x0000000082c00000| Untracked 
|  21|0x0000000082d00000, 0x0000000082d00000, 0x0000000082e00000|  0%| F|  |TAMS 0x0000000082d00000, 0x0000000082d00000| Untracked 
|  22|0x0000000082e00000, 0x0000000082e00000, 0x0000000082f00000|  0%| F|  |TAMS 0x0000000082e00000, 0x0000000082e00000| Untracked 
|  23|0x0000000082f00000, 0x0000000082f00000, 0x0000000083000000|  0%| F|  |TAMS 0x0000000082f00000, 0x0000000082f00000| Untracked 
|  24|0x0000000083000000, 0x0000000083000000, 0x0000000083100000|  0%| F|  |TAMS 0x0000000083000000, 0x0000000083000000| Untracked 
|  25|0x0000000083100000, 0x0000000083100000, 0x0000000083200000|  0%| F|  |TAMS 0x0000000083100000, 0x0000000083100000| Untracked 
|  26|0x0000000083200000, 0x0000000083200000, 0x0000000083300000|  0%| F|  |TAMS 0x0000000083200000, 0x0000000083200000| Untracked 
|  27|0x0000000083300000, 0x0000000083300000, 0x0000000083400000|  0%| F|  |TAMS 0x0000000083300000, 0x0000000083300000| Untracked 
|  28|0x0000000083400000, 0x0000000083400000, 0x0000000083500000|  0%| F|  |TAMS 0x0000000083400000, 0x0000000083400000| Untracked 
|  29|0x0000000083500000, 0x0000000083500000, 0x0000000083600000|  0%| F|  |TAMS 0x0000000083500000, 0x0000000083500000| Untracked 
|  30|0x0000000083600000, 0x0000000083600000, 0x0000000083700000|  0%| F|  |TAMS 0x0000000083600000, 0x0000000083600000| Untracked 
|  31|0x0000000083700000, 0x0000000083700000, 0x0000000083800000|  0%| F|  |TAMS 0x0000000083700000, 0x0000000083700000| Untracked 
|  32|0x0000000083800000, 0x0000000083800000, 0x0000000083900000|  0%| F|  |TAMS 0x0000000083800000, 0x0000000083800000| Untracked 
|  33|0x0000000083900000, 0x0000000083900000, 0x0000000083a00000|  0%| F|  |TAMS 0x0000000083900000, 0x0000000083900000| Untracked 
|  34|0x0000000083a00000, 0x0000000083a00000, 0x0000000083b00000|  0%| F|  |TAMS 0x0000000083a00000, 0x0000000083a00000| Untracked 
|  35|0x0000000083b00000, 0x0000000083b00000, 0x0000000083c00000|  0%| F|  |TAMS 0x0000000083b00000, 0x0000000083b00000| Untracked 
|  36|0x0000000083c00000, 0x0000000083c00000, 0x0000000083d00000|  0%| F|  |TAMS 0x0000000083c00000, 0x0000000083c00000| Untracked 
|  37|0x0000000083d00000, 0x0000000083d00000, 0x0000000083e00000|  0%| F|  |TAMS 0x0000000083d00000, 0x0000000083d00000| Untracked 
|  38|0x0000000083e00000, 0x0000000083e00000, 0x0000000083f00000|  0%| F|  |TAMS 0x0000000083e00000, 0x0000000083e00000| Untracked 
|  39|0x0000000083f00000, 0x0000000083f00000, 0x0000000084000000|  0%| F|  |TAMS 0x0000000083f00000, 0x0000000083f00000| Untracked 
|  40|0x0000000084000000, 0x0000000084000000, 0x0000000084100000|  0%| F|  |TAMS 0x0000000084000000, 0x0000000084000000| Untracked 
|  41|0x0000000084100000, 0x0000000084100000, 0x0000000084200000|  0%| F|  |TAMS 0x0000000084100000, 0x0000000084100000| Untracked 
|  42|0x0000000084200000, 0x0000000084200000, 0x0000000084300000|  0%| F|  |TAMS 0x0000000084200000, 0x0000000084200000| Untracked 
|  43|0x0000000084300000, 0x0000000084300000, 0x0000000084400000|  0%| F|  |TAMS 0x0000000084300000, 0x0000000084300000| Untracked 
|  44|0x0000000084400000, 0x0000000084400000, 0x0000000084500000|  0%| F|  |TAMS 0x0000000084400000, 0x0000000084400000| Untracked 
|  45|0x0000000084500000, 0x0000000084500000, 0x0000000084600000|  0%| F|  |TAMS 0x0000000084500000, 0x0000000084500000| Untracked 
|  46|0x0000000084600000, 0x0000000084600000, 0x0000000084700000|  0%| F|  |TAMS 0x0000000084600000, 0x0000000084600000| Untracked 
|  47|0x0000000084700000, 0x0000000084700000, 0x0000000084800000|  0%| F|  |TAMS 0x0000000084700000, 0x0000000084700000| Untracked 
|  48|0x0000000084800000, 0x0000000084800000, 0x0000000084900000|  0%| F|  |TAMS 0x0000000084800000, 0x0000000084800000| Untracked 
|  49|0x0000000084900000, 0x0000000084900000, 0x0000000084a00000|  0%| F|  |TAMS 0x0000000084900000, 0x0000000084900000| Untracked 
|  50|0x0000000084a00000, 0x0000000084a00000, 0x0000000084b00000|  0%| F|  |TAMS 0x0000000084a00000, 0x0000000084a00000| Untracked 
|  51|0x0000000084b00000, 0x0000000084b00000, 0x0000000084c00000|  0%| F|  |TAMS 0x0000000084b00000, 0x0000000084b00000| Untracked 
|  52|0x0000000084c00000, 0x0000000084c00000, 0x0000000084d00000|  0%| F|  |TAMS 0x0000000084c00000, 0x0000000084c00000| Untracked 
|  53|0x0000000084d00000, 0x0000000084d00000, 0x0000000084e00000|  0%| F|  |TAMS 0x0000000084d00000, 0x0000000084d00000| Untracked 
|  54|0x0000000084e00000, 0x0000000084e00000, 0x0000000084f00000|  0%| F|  |TAMS 0x0000000084e00000, 0x0000000084e00000| Untracked 
|  55|0x0000000084f00000, 0x0000000084f00000, 0x0000000085000000|  0%| F|  |TAMS 0x0000000084f00000, 0x0000000084f00000| Untracked 
|  56|0x0000000085000000, 0x0000000085000000, 0x0000000085100000|  0%| F|  |TAMS 0x0000000085000000, 0x0000000085000000| Untracked 
|  57|0x0000000085100000, 0x0000000085100000, 0x0000000085200000|  0%| F|  |TAMS 0x0000000085100000, 0x0000000085100000| Untracked 
|  58|0x0000000085200000, 0x0000000085200000, 0x0000000085300000|  0%| F|  |TAMS 0x0000000085200000, 0x0000000085200000| Untracked 
|  59|0x0000000085300000, 0x0000000085300000, 0x0000000085400000|  0%| F|  |TAMS 0x0000000085300000, 0x0000000085300000| Untracked 
|  60|0x0000000085400000, 0x0000000085400000, 0x0000000085500000|  0%| F|  |TAMS 0x0000000085400000, 0x0000000085400000| Untracked 
|  61|0x0000000085500000, 0x0000000085500000, 0x0000000085600000|  0%| F|  |TAMS 0x0000000085500000, 0x0000000085500000| Untracked 
|  62|0x0000000085600000, 0x0000000085600000, 0x0000000085700000|  0%| F|  |TAMS 0x0000000085600000, 0x0000000085600000| Untracked 
|  63|0x0000000085700000, 0x0000000085700000, 0x0000000085800000|  0%| F|  |TAMS 0x0000000085700000, 0x0000000085700000| Untracked 
|  64|0x0000000085800000, 0x0000000085800000, 0x0000000085900000|  0%| F|  |TAMS 0x0000000085800000, 0x0000000085800000| Untracked 
|  65|0x0000000085900000, 0x0000000085900000, 0x0000000085a00000|  0%| F|  |TAMS 0x0000000085900000, 0x0000000085900000| Untracked 
|  66|0x0000000085a00000, 0x0000000085a00000, 0x0000000085b00000|  0%| F|  |TAMS 0x0000000085a00000, 0x0000000085a00000| Untracked 
|  67|0x0000000085b00000, 0x0000000085b00000, 0x0000000085c00000|  0%| F|  |TAMS 0x0000000085b00000, 0x0000000085b00000| Untracked 
|  68|0x0000000085c00000, 0x0000000085c00000, 0x0000000085d00000|  0%| F|  |TAMS 0x0000000085c00000, 0x0000000085c00000| Untracked 
|  69|0x0000000085d00000, 0x0000000085d00000, 0x0000000085e00000|  0%| F|  |TAMS 0x0000000085d00000, 0x0000000085d00000| Untracked 
|  70|0x0000000085e00000, 0x0000000085e00000, 0x0000000085f00000|  0%| F|  |TAMS 0x0000000085e00000, 0x0000000085e00000| Untracked 
|  71|0x0000000085f00000, 0x0000000085f00000, 0x0000000086000000|  0%| F|  |TAMS 0x0000000085f00000, 0x0000000085f00000| Untracked 
|  72|0x0000000086000000, 0x0000000086000000, 0x0000000086100000|  0%| F|  |TAMS 0x0000000086000000, 0x0000000086000000| Untracked 
|  73|0x0000000086100000, 0x0000000086100000, 0x0000000086200000|  0%| F|  |TAMS 0x0000000086100000, 0x0000000086100000| Untracked 
|  74|0x0000000086200000, 0x0000000086200000, 0x0000000086300000|  0%| F|  |TAMS 0x0000000086200000, 0x0000000086200000| Untracked 
|  75|0x0000000086300000, 0x0000000086300000, 0x0000000086400000|  0%| F|  |TAMS 0x0000000086300000, 0x0000000086300000| Untracked 
|  76|0x0000000086400000, 0x0000000086400000, 0x0000000086500000|  0%| F|  |TAMS 0x0000000086400000, 0x0000000086400000| Untracked 
|  77|0x0000000086500000, 0x0000000086500000, 0x0000000086600000|  0%| F|  |TAMS 0x0000000086500000, 0x0000000086500000| Untracked 
|  78|0x0000000086600000, 0x0000000086600000, 0x0000000086700000|  0%| F|  |TAMS 0x0000000086600000, 0x0000000086600000| Untracked 
|  79|0x0000000086700000, 0x0000000086700000, 0x0000000086800000|  0%| F|  |TAMS 0x0000000086700000, 0x0000000086700000| Untracked 
|  80|0x0000000086800000, 0x0000000086800000, 0x0000000086900000|  0%| F|  |TAMS 0x0000000086800000, 0x0000000086800000| Untracked 
|  81|0x0000000086900000, 0x0000000086900000, 0x0000000086a00000|  0%| F|  |TAMS 0x0000000086900000, 0x0000000086900000| Untracked 
|  82|0x0000000086a00000, 0x0000000086a00000, 0x0000000086b00000|  0%| F|  |TAMS 0x0000000086a00000, 0x0000000086a00000| Untracked 
|  83|0x0000000086b00000, 0x0000000086b00000, 0x0000000086c00000|  0%| F|  |TAMS 0x0000000086b00000, 0x0000000086b00000| Untracked 
|  84|0x0000000086c00000, 0x0000000086c00000, 0x0000000086d00000|  0%| F|  |TAMS 0x0000000086c00000, 0x0000000086c00000| Untracked 
|  85|0x0000000086d00000, 0x0000000086d00000, 0x0000000086e00000|  0%| F|  |TAMS 0x0000000086d00000, 0x0000000086d00000| Untracked 
|  86|0x0000000086e00000, 0x0000000086e00000, 0x0000000086f00000|  0%| F|  |TAMS 0x0000000086e00000, 0x0000000086e00000| Untracked 
|  87|0x0000000086f00000, 0x0000000086f00000, 0x0000000087000000|  0%| F|  |TAMS 0x0000000086f00000, 0x0000000086f00000| Untracked 
|  88|0x0000000087000000, 0x0000000087000000, 0x0000000087100000|  0%| F|  |TAMS 0x0000000087000000, 0x0000000087000000| Untracked 
|  89|0x0000000087100000, 0x0000000087100000, 0x0000000087200000|  0%| F|  |TAMS 0x0000000087100000, 0x0000000087100000| Untracked 
|  90|0x0000000087200000, 0x0000000087200000, 0x0000000087300000|  0%| F|  |TAMS 0x0000000087200000, 0x0000000087200000| Untracked 
|  91|0x0000000087300000, 0x0000000087300000, 0x0000000087400000|  0%| F|  |TAMS 0x0000000087300000, 0x0000000087300000| Untracked 
|  92|0x0000000087400000, 0x0000000087400000, 0x0000000087500000|  0%| F|  |TAMS 0x0000000087400000, 0x0000000087400000| Untracked 
|  93|0x0000000087500000, 0x0000000087500000, 0x0000000087600000|  0%| F|  |TAMS 0x0000000087500000, 0x0000000087500000| Untracked 
|  94|0x0000000087600000, 0x0000000087600000, 0x0000000087700000|  0%| F|  |TAMS 0x0000000087600000, 0x0000000087600000| Untracked 
|  95|0x0000000087700000, 0x0000000087700000, 0x0000000087800000|  0%| F|  |TAMS 0x0000000087700000, 0x0000000087700000| Untracked 
|  96|0x0000000087800000, 0x0000000087800000, 0x0000000087900000|  0%| F|  |TAMS 0x0000000087800000, 0x0000000087800000| Untracked 
|  97|0x0000000087900000, 0x0000000087900000, 0x0000000087a00000|  0%| F|  |TAMS 0x0000000087900000, 0x0000000087900000| Untracked 
|  98|0x0000000087a00000, 0x0000000087a00000, 0x0000000087b00000|  0%| F|  |TAMS 0x0000000087a00000, 0x0000000087a00000| Untracked 
|  99|0x0000000087b00000, 0x0000000087b00000, 0x0000000087c00000|  0%| F|  |TAMS 0x0000000087b00000, 0x0000000087b00000| Untracked 
| 100|0x0000000087c00000, 0x0000000087c00000, 0x0000000087d00000|  0%| F|  |TAMS 0x0000000087c00000, 0x0000000087c00000| Untracked 
| 101|0x0000000087d00000, 0x0000000087d00000, 0x0000000087e00000|  0%| F|  |TAMS 0x0000000087d00000, 0x0000000087d00000| Untracked 
| 102|0x0000000087e00000, 0x0000000087e00000, 0x0000000087f00000|  0%| F|  |TAMS 0x0000000087e00000, 0x0000000087e00000| Untracked 
| 103|0x0000000087f00000, 0x0000000087f00000, 0x0000000088000000|  0%| F|  |TAMS 0x0000000087f00000, 0x0000000087f00000| Untracked 
| 104|0x0000000088000000, 0x0000000088000000, 0x0000000088100000|  0%| F|  |TAMS 0x0000000088000000, 0x0000000088000000| Untracked 
| 105|0x0000000088100000, 0x0000000088100000, 0x0000000088200000|  0%| F|  |TAMS 0x0000000088100000, 0x0000000088100000| Untracked 
| 106|0x0000000088200000, 0x0000000088200000, 0x0000000088300000|  0%| F|  |TAMS 0x0000000088200000, 0x0000000088200000| Untracked 
| 107|0x0000000088300000, 0x0000000088300000, 0x0000000088400000|  0%| F|  |TAMS 0x0000000088300000, 0x0000000088300000| Untracked 
| 108|0x0000000088400000, 0x0000000088400000, 0x0000000088500000|  0%| F|  |TAMS 0x0000000088400000, 0x0000000088400000| Untracked 
| 109|0x0000000088500000, 0x0000000088500000, 0x0000000088600000|  0%| F|  |TAMS 0x0000000088500000, 0x0000000088500000| Untracked 
| 110|0x0000000088600000, 0x0000000088600000, 0x0000000088700000|  0%| F|  |TAMS 0x0000000088600000, 0x0000000088600000| Untracked 
| 111|0x0000000088700000, 0x0000000088700000, 0x0000000088800000|  0%| F|  |TAMS 0x0000000088700000, 0x0000000088700000| Untracked 
| 112|0x0000000088800000, 0x0000000088800000, 0x0000000088900000|  0%| F|  |TAMS 0x0000000088800000, 0x0000000088800000| Untracked 
| 113|0x0000000088900000, 0x00000000889fb6c8, 0x0000000088a00000| 98%| E|  |TAMS 0x0000000088900000, 0x0000000088900000| Complete 
| 114|0x0000000088a00000, 0x0000000088b00000, 0x0000000088b00000|100%| E|CS|TAMS 0x0000000088a00000, 0x0000000088a00000| Complete 
| 115|0x0000000088b00000, 0x0000000088c00000, 0x0000000088c00000|100%| E|CS|TAMS 0x0000000088b00000, 0x0000000088b00000| Complete 
| 116|0x0000000088c00000, 0x0000000088d00000, 0x0000000088d00000|100%| E|CS|TAMS 0x0000000088c00000, 0x0000000088c00000| Complete 
| 117|0x0000000088d00000, 0x0000000088e00000, 0x0000000088e00000|100%| E|CS|TAMS 0x0000000088d00000, 0x0000000088d00000| Complete 
| 118|0x0000000088e00000, 0x0000000088f00000, 0x0000000088f00000|100%| E|CS|TAMS 0x0000000088e00000, 0x0000000088e00000| Complete 
| 119|0x0000000088f00000, 0x0000000089000000, 0x0000000089000000|100%| E|CS|TAMS 0x0000000088f00000, 0x0000000088f00000| Complete 
| 120|0x0000000089000000, 0x0000000089100000, 0x0000000089100000|100%| E|CS|TAMS 0x0000000089000000, 0x0000000089000000| Complete 
| 121|0x0000000089100000, 0x0000000089200000, 0x0000000089200000|100%| E|CS|TAMS 0x0000000089100000, 0x0000000089100000| Complete 
| 122|0x0000000089200000, 0x0000000089300000, 0x0000000089300000|100%| E|CS|TAMS 0x0000000089200000, 0x0000000089200000| Complete 
| 123|0x0000000089300000, 0x0000000089400000, 0x0000000089400000|100%| E|CS|TAMS 0x0000000089300000, 0x0000000089300000| Complete 
| 124|0x0000000089400000, 0x0000000089500000, 0x0000000089500000|100%| E|CS|TAMS 0x0000000089400000, 0x0000000089400000| Complete 
| 125|0x0000000089500000, 0x0000000089600000, 0x0000000089600000|100%| E|CS|TAMS 0x0000000089500000, 0x0000000089500000| Complete 
| 126|0x0000000089600000, 0x0000000089700000, 0x0000000089700000|100%| E|  |TAMS 0x0000000089600000, 0x0000000089600000| Complete 
| 127|0x0000000089700000, 0x0000000089800000, 0x0000000089800000|100%| E|CS|TAMS 0x0000000089700000, 0x0000000089700000| Complete 

Card table byte_map: [0x000001fb67ba0000,0x000001fb67fa0000] _byte_map_base: 0x000001fb67794000

Marking Bits (Prev, Next): (CMBitMap*) 0x000001fb4fe3d088, (CMBitMap*) 0x000001fb4fe3d0c0
 Prev Bits: [0x000001fb683a0000, 0x000001fb6a340000)
 Next Bits: [0x000001fb6a340000, 0x000001fb6c2e0000)

Polling page: 0x000001fb4dcc0000

Metaspace:

Usage:
  Non-class:     10.17 MB capacity,    10.08 MB (>99%) used,    81.30 KB ( <1%) free+waste,    11.25 KB ( <1%) overhead. 
      Class:      1.22 MB capacity,     1.14 MB ( 93%) used,    80.29 KB (  6%) free+waste,     5.06 KB ( <1%) overhead. 
       Both:     11.40 MB capacity,    11.22 MB ( 98%) used,   161.59 KB (  1%) free+waste,    16.31 KB ( <1%) overhead. 

Virtual space:
  Non-class space:       12.00 MB reserved,      10.25 MB ( 85%) committed 
      Class space:        1.00 GB reserved,       1.25 MB ( <1%) committed 
             Both:        1.01 GB reserved,      11.50 MB (  1%) committed 

Chunk freelists:
   Non-Class:  13.00 KB
       Class:  27.00 KB
        Both:  40.00 KB

MaxMetaspaceSize: 17179869184.00 GB
CompressedClassSpaceSize: 1.00 GB

CodeHeap 'non-profiled nmethods': size=120000Kb used=232Kb max_used=232Kb free=119767Kb
 bounds [0x000001fb5ff30000, 0x000001fb601a0000, 0x000001fb67460000]
CodeHeap 'profiled nmethods': size=120000Kb used=1587Kb max_used=1587Kb free=118412Kb
 bounds [0x000001fb58a00000, 0x000001fb58c70000, 0x000001fb5ff30000]
CodeHeap 'non-nmethods': size=5760Kb used=1074Kb max_used=1089Kb free=4686Kb
 bounds [0x000001fb58460000, 0x000001fb586d0000, 0x000001fb58a00000]
 total_blobs=1658 nmethods=837 adapters=286
 compilation: enabled
              stopped_count=0, restarted_count=0
 full_count=0

Compilation events (20 events):
Event: 0.572 Thread 0x000001fb6f66d800 nmethod 674 0x000001fb58b2e810 code [0x000001fb58b2ea00, 0x000001fb58b2ef30]
Event: 0.572 Thread 0x000001fb6f66d800  677       3       java.lang.invoke.MethodType$ConcurrentWeakInternSet$WeakEntry::equals (49 bytes)
Event: 0.572 Thread 0x000001fb6f66d800 nmethod 677 0x000001fb58b2f010 code [0x000001fb58b2f200, 0x000001fb58b2f8b0]
Event: 0.572 Thread 0x000001fb6f66d800  676       3       jdk.internal.org.objectweb.asm.Frame::push (110 bytes)
Event: 0.573 Thread 0x000001fb6f66d800 nmethod 676 0x000001fb58b2f990 code [0x000001fb58b2fb80, 0x000001fb58b30150]
Event: 0.573 Thread 0x000001fb6f66d800  678       3       java.lang.invoke.MethodType::equals (31 bytes)
Event: 0.573 Thread 0x000001fb6f66d800 nmethod 678 0x000001fb58b30310 code [0x000001fb58b304e0, 0x000001fb58b30710]
Event: 0.573 Thread 0x000001fb6f66d800  680       3       java.lang.invoke.MemberName::isStatic (8 bytes)
Event: 0.573 Thread 0x000001fb6f66d800 nmethod 680 0x000001fb58b30810 code [0x000001fb58b309c0, 0x000001fb58b30bd8]
Event: 0.573 Thread 0x000001fb6f66d800  681       3       java.util.ImmutableCollections$ListN::get (7 bytes)
Event: 0.573 Thread 0x000001fb6f66d800 nmethod 681 0x000001fb58b30c90 code [0x000001fb58b30e40, 0x000001fb58b30fd8]
Event: 0.573 Thread 0x000001fb6f66d800  682       3       java.lang.invoke.LambdaForm$NamedFunction::methodType (23 bytes)
Event: 0.574 Thread 0x000001fb6f66d800 nmethod 682 0x000001fb58b31090 code [0x000001fb58b31260, 0x000001fb58b314f0]
Event: 0.574 Thread 0x000001fb6f66d800  684       1       java.lang.invoke.LambdaForm$Name::type (5 bytes)
Event: 0.574 Thread 0x000001fb6f66d800 nmethod 684 0x000001fb5ff5eb90 code [0x000001fb5ff5ed40, 0x000001fb5ff5ee58]
Event: 0.574 Thread 0x000001fb6f66d800  685       3       java.lang.invoke.LambdaForm$Name::useCount (42 bytes)
Event: 0.574 Thread 0x000001fb6f66d800 nmethod 685 0x000001fb58b31610 code [0x000001fb58b317e0, 0x000001fb58b31b38]
Event: 0.574 Thread 0x000001fb6f66d800  686       3       jdk.internal.org.objectweb.asm.ClassWriter::put122 (15 bytes)
Event: 0.574 Thread 0x000001fb6f66d800 nmethod 686 0x000001fb58b31c90 code [0x000001fb58b31e60, 0x000001fb58b32060]
Event: 0.574 Thread 0x000001fb6f66d800  687       3       jdk.internal.org.objectweb.asm.Frame::execute (2264 bytes)

GC Heap History (0 events):
No events

Deoptimization events (20 events):
Event: 0.291 Thread 0x000001fb4fdfc800 Uncommon trap: trap_request=0xffffff4d fr.pc=0x000001fb5ff3fc80 relative=0x0000000000000060
Event: 0.291 Thread 0x000001fb4fdfc800 Uncommon trap: reason=unstable_if action=reinterpret pc=0x000001fb5ff3fc80 method=java.io.WinNTFileSystem.isSlash(C)Z @ 9 c2
Event: 0.291 Thread 0x000001fb4fdfc800 DEOPT PACKING pc=0x000001fb5ff3fc80 sp=0x0000007e981fd980
Event: 0.291 Thread 0x000001fb4fdfc800 DEOPT UNPACKING pc=0x000001fb58488a2f sp=0x0000007e981fd908 mode 2
Event: 0.331 Thread 0x000001fb4fdfc800 DEOPT PACKING pc=0x000001fb58a5a6a2 sp=0x0000007e981f8350
Event: 0.331 Thread 0x000001fb4fdfc800 DEOPT UNPACKING pc=0x000001fb5848884e sp=0x0000007e981f77b8 mode 0
Event: 0.334 Thread 0x000001fb4fdfc800 DEOPT PACKING pc=0x000001fb58a43e70 sp=0x0000007e981fbc30
Event: 0.334 Thread 0x000001fb4fdfc800 DEOPT UNPACKING pc=0x000001fb5848884e sp=0x0000007e981fb0b8 mode 0
Event: 0.516 Thread 0x000001fb4fdfc800 Uncommon trap: trap_request=0xffffff4d fr.pc=0x000001fb5ff3a938 relative=0x00000000000003f8
Event: 0.516 Thread 0x000001fb4fdfc800 Uncommon trap: reason=unstable_if action=reinterpret pc=0x000001fb5ff3a938 method=java.lang.StringLatin1.canEncode(I)Z @ 4 c2
Event: 0.516 Thread 0x000001fb4fdfc800 DEOPT PACKING pc=0x000001fb5ff3a938 sp=0x0000007e981fdcf0
Event: 0.516 Thread 0x000001fb4fdfc800 DEOPT UNPACKING pc=0x000001fb58488a2f sp=0x0000007e981fdc08 mode 2
Event: 0.516 Thread 0x000001fb4fdfc800 Uncommon trap: trap_request=0xffffff4d fr.pc=0x000001fb5ff3b918 relative=0x00000000000003d8
Event: 0.516 Thread 0x000001fb4fdfc800 Uncommon trap: reason=unstable_if action=reinterpret pc=0x000001fb5ff3b918 method=java.lang.AbstractStringBuilder.isLatin1()Z @ 10 c2
Event: 0.516 Thread 0x000001fb4fdfc800 DEOPT PACKING pc=0x000001fb5ff3b918 sp=0x0000007e981fdcf0
Event: 0.516 Thread 0x000001fb4fdfc800 DEOPT UNPACKING pc=0x000001fb58488a2f sp=0x0000007e981fdc70 mode 2
Event: 0.519 Thread 0x000001fb4fdfc800 Uncommon trap: trap_request=0xffffff4d fr.pc=0x000001fb5ff38654 relative=0x0000000000000034
Event: 0.519 Thread 0x000001fb4fdfc800 Uncommon trap: reason=unstable_if action=reinterpret pc=0x000001fb5ff38654 method=java.lang.StringLatin1.canEncode(I)Z @ 4 c2
Event: 0.519 Thread 0x000001fb4fdfc800 DEOPT PACKING pc=0x000001fb5ff38654 sp=0x0000007e981fdc70
Event: 0.519 Thread 0x000001fb4fdfc800 DEOPT UNPACKING pc=0x000001fb58488a2f sp=0x0000007e981fdc00 mode 2

Classes redefined (0 events):
No events

Internal exceptions (1 events):
Event: 0.448 Thread 0x000001fb4fdfc800 Exception <a 'java/lang/NoSuchMethodError'{0x00000000892f97c8}: 'int java.lang.invoke.DirectMethodHandle$Holder.invokeSpecialIFC(java.lang.Object, java.lang.Object, int)'> (0x00000000892f97c8) thrown at [./src/hotspot/share/interpreter/linkResolver.cpp, line 773]

Events (20 events):
Event: 0.573 loading class java/lang/invoke/BoundMethodHandle$Species_LLLLLLI
Event: 0.573 loading class java/lang/invoke/BoundMethodHandle$Species_LLLLLLI done
Event: 0.574 loading class sun/invoke/util/ValueConversions$WrapperCache
Event: 0.574 loading class sun/invoke/util/ValueConversions$WrapperCache done
Event: 0.574 loading class java/lang/invoke/BoundMethodHandle$Species_LLLLLLII
Event: 0.575 loading class java/lang/invoke/BoundMethodHandle$Species_LLLLLLII done
Event: 0.576 loading class java/lang/invoke/BoundMethodHandle$Species_LLLLLLIIL
Event: 0.576 loading class java/lang/invoke/BoundMethodHandle$Species_LLLLLLIIL done
Event: 0.578 loading class java/util/logging/LogManager$VisitedLoggers
Event: 0.578 loading class java/util/function/Predicate
Event: 0.578 loading class java/util/function/Predicate done
Event: 0.578 loading class java/util/logging/LogManager$VisitedLoggers done
Event: 0.578 loading class java/util/logging/LogManager$LoggerContext$1
Event: 0.578 loading class java/util/logging/LogManager$LoggerContext$1 done
Event: 0.579 loading class java/util/concurrent/ConcurrentHashMap$KeySetView
Event: 0.579 loading class java/util/concurrent/ConcurrentHashMap$KeySetView done
Event: 0.579 loading class java/util/concurrent/ConcurrentHashMap$KeyIterator
Event: 0.579 loading class java/util/concurrent/ConcurrentHashMap$KeyIterator done
Event: 0.580 loading class java/util/Hashtable$Enumerator
Event: 0.580 loading class java/util/Hashtable$Enumerator done


Dynamic libraries:
0x00007ff7a3da0000 - 0x00007ff7a3dad000 	C:\Program Files\AdoptOpenJDK\jdk-11.0.7.10-hotspot\bin\java.exe
0x00007ffc3c020000 - 0x00007ffc3c210000 	C:\WINDOWS\SYSTEM32\ntdll.dll
0x00007ffc3a100000 - 0x00007ffc3a1b2000 	C:\WINDOWS\System32\KERNEL32.DLL
0x00007ffc39d80000 - 0x00007ffc3a025000 	C:\WINDOWS\System32\KERNELBASE.dll
0x00007ffc394e0000 - 0x00007ffc395da000 	C:\WINDOWS\System32\ucrtbase.dll
0x00007ffc348c0000 - 0x00007ffc348d7000 	C:\Program Files\AdoptOpenJDK\jdk-11.0.7.10-hotspot\bin\jli.dll
0x00007ffc34940000 - 0x00007ffc34955000 	C:\Program Files\AdoptOpenJDK\jdk-11.0.7.10-hotspot\bin\VCRUNTIME140.dll
0x00007ffc3bc50000 - 0x00007ffc3bde4000 	C:\WINDOWS\System32\USER32.dll
0x00007ffc39310000 - 0x00007ffc39331000 	C:\WINDOWS\System32\win32u.dll
0x00007ffc3b140000 - 0x00007ffc3b166000 	C:\WINDOWS\System32\GDI32.dll
0x00007ffc39340000 - 0x00007ffc394d6000 	C:\WINDOWS\System32\gdi32full.dll
0x00007ffc3a030000 - 0x00007ffc3a0ce000 	C:\WINDOWS\System32\msvcp_win.dll
0x00007ffc30fa0000 - 0x00007ffc31224000 	C:\WINDOWS\WinSxS\amd64_microsoft.windows.common-controls_6595b64144ccf1df_6.0.18362.1139_none_9e7bf2d3e4605ac6\COMCTL32.dll
0x00007ffc3ba00000 - 0x00007ffc3ba9e000 	C:\WINDOWS\System32\msvcrt.dll
0x00007ffc3b170000 - 0x00007ffc3b4a5000 	C:\WINDOWS\System32\combase.dll
0x00007ffc3a270000 - 0x00007ffc3a390000 	C:\WINDOWS\System32\RPCRT4.dll
0x00007ffc39030000 - 0x00007ffc390b0000 	C:\WINDOWS\System32\bcryptPrimitives.dll
0x00007ffc3b110000 - 0x00007ffc3b13e000 	C:\WINDOWS\System32\IMM32.DLL
0x00007ffc1fb20000 - 0x00007ffc1fbbb000 	C:\Program Files\AdoptOpenJDK\jdk-11.0.7.10-hotspot\bin\msvcp140.dll
0x00007ffbd23d0000 - 0x00007ffbd2e8c000 	C:\Program Files\AdoptOpenJDK\jdk-11.0.7.10-hotspot\bin\server\jvm.dll
0x00007ffc3a540000 - 0x00007ffc3a5e3000 	C:\WINDOWS\System32\ADVAPI32.dll
0x00007ffc3ae20000 - 0x00007ffc3aeb7000 	C:\WINDOWS\System32\sechost.dll
0x00007ffc3a0f0000 - 0x00007ffc3a0f8000 	C:\WINDOWS\System32\PSAPI.DLL
0x00007ffc26c10000 - 0x00007ffc26c19000 	C:\WINDOWS\SYSTEM32\WSOCK32.dll
0x00007ffc30ae0000 - 0x00007ffc30b04000 	C:\WINDOWS\SYSTEM32\WINMM.dll
0x00007ffc31a60000 - 0x00007ffc31a6a000 	C:\WINDOWS\SYSTEM32\VERSION.dll
0x00007ffc3aec0000 - 0x00007ffc3af2f000 	C:\WINDOWS\System32\WS2_32.dll
0x00007ffc30a90000 - 0x00007ffc30abd000 	C:\WINDOWS\SYSTEM32\winmmbase.dll
0x00007ffc38fe0000 - 0x00007ffc3902a000 	C:\WINDOWS\System32\cfgmgr32.dll
0x00007ffc38f90000 - 0x00007ffc38fa1000 	C:\WINDOWS\System32\kernel.appcore.dll
0x00007ffc336a0000 - 0x00007ffc336b0000 	C:\Program Files\AdoptOpenJDK\jdk-11.0.7.10-hotspot\bin\verify.dll
0x00007ffc37750000 - 0x00007ffc37944000 	C:\WINDOWS\SYSTEM32\DBGHELP.DLL
0x00007ffc316a0000 - 0x00007ffc316ca000 	C:\WINDOWS\SYSTEM32\dbgcore.DLL
0x00007ffc33420000 - 0x00007ffc33448000 	C:\Program Files\AdoptOpenJDK\jdk-11.0.7.10-hotspot\bin\java.dll
0x00007ffc32d40000 - 0x00007ffc32d56000 	C:\Program Files\AdoptOpenJDK\jdk-11.0.7.10-hotspot\bin\zip.dll
0x00007ffc33410000 - 0x00007ffc3341a000 	C:\Program Files\AdoptOpenJDK\jdk-11.0.7.10-hotspot\bin\jimage.dll
0x00007ffc3a730000 - 0x00007ffc3ae17000 	C:\WINDOWS\System32\SHELL32.dll
0x00007ffc3a1c0000 - 0x00007ffc3a269000 	C:\WINDOWS\System32\shcore.dll
0x00007ffc395e0000 - 0x00007ffc39d60000 	C:\WINDOWS\System32\windows.storage.dll
0x00007ffc38ef0000 - 0x00007ffc38f13000 	C:\WINDOWS\System32\profapi.dll
0x00007ffc38f40000 - 0x00007ffc38f8a000 	C:\WINDOWS\System32\powrprof.dll
0x00007ffc38ee0000 - 0x00007ffc38ef0000 	C:\WINDOWS\System32\UMPDC.dll
0x00007ffc3bab0000 - 0x00007ffc3bb02000 	C:\WINDOWS\System32\shlwapi.dll
0x00007ffc39d60000 - 0x00007ffc39d77000 	C:\WINDOWS\System32\cryptsp.dll
0x00007ffc32d20000 - 0x00007ffc32d39000 	C:\Program Files\AdoptOpenJDK\jdk-11.0.7.10-hotspot\bin\net.dll
0x00007ffc34370000 - 0x00007ffc34460000 	C:\WINDOWS\SYSTEM32\WINHTTP.dll
0x00007ffc38730000 - 0x00007ffc38797000 	C:\WINDOWS\system32\mswsock.dll
0x00007ffc315b0000 - 0x00007ffc315c2000 	C:\Program Files\AdoptOpenJDK\jdk-11.0.7.10-hotspot\bin\nio.dll

dbghelp: loaded successfully - version: 4.0.5 - missing functions: none
symbol engine: initialized successfully - sym options: 0x614 - pdb path: .;C:\Program Files\AdoptOpenJDK\jdk-11.0.7.10-hotspot\bin;C:\WINDOWS\SYSTEM32;C:\WINDOWS\WinSxS\amd64_microsoft.windows.common-controls_6595b64144ccf1df_6.0.18362.1139_none_9e7bf2d3e4605ac6;C:\Program Files\AdoptOpenJDK\jdk-11.0.7.10-hotspot\bin\server

VM Arguments:
jvm_args: -Dclassworlds.conf=E:\Program Files\TMCBeans\java\maven\bin\m2.conf -Dmaven.home=E:\Program Files\TMCBeans\java\maven -Dmaven.multiModuleProjectDirectory=C:\Users\curtis\Documents\NetBeansProjects\mooc-java-programming-i\part05-Part05_14.Books 
java_command: org.codehaus.plexus.classworlds.launcher.Launcher -Dexec.args=-classpath %classpath Main -Dexec.executable=C:\Program Files\AdoptOpenJDK\jdk-11.0.7.10-hotspot\bin\java.exe -Dfile.encoding=UTF-8 -T=1 -q process-classes org.codehaus.mojo:exec-maven-plugin:1.5.0:exec
java_class_path (initial): E:\Program Files\TMCBeans\java\maven\boot\plexus-classworlds-2.5.2.jar
Launcher Type: SUN_STANDARD

[Global flags]
     intx CICompilerCount                          = 4                                         {product} {ergonomic}
     uint ConcGCThreads                            = 2                                         {product} {ergonomic}
     uint G1ConcRefinementThreads                  = 8                                         {product} {ergonomic}
   size_t G1HeapRegionSize                         = 1048576                                   {product} {ergonomic}
    uintx GCDrainStackTargetSize                   = 64                                        {product} {ergonomic}
   size_t InitialHeapSize                          = 134217728                                 {product} {ergonomic}
   size_t MarkStackSize                            = 4194304                                   {product} {ergonomic}
   size_t MaxHeapSize                              = 2122317824                                {product} {ergonomic}
   size_t MaxNewSize                               = 1272971264                                {product} {ergonomic}
   size_t MinHeapDeltaBytes                        = 1048576                                   {product} {ergonomic}
    uintx NonNMethodCodeHeapSize                   = 5836300                                {pd product} {ergonomic}
    uintx NonProfiledCodeHeapSize                  = 122910970                              {pd product} {ergonomic}
    uintx ProfiledCodeHeapSize                     = 122910970                              {pd product} {ergonomic}
    uintx ReservedCodeCacheSize                    = 251658240                              {pd product} {ergonomic}
     bool SegmentedCodeCache                       = true                                      {product} {ergonomic}
     bool UseCompressedClassPointers               = true                                 {lp64_product} {ergonomic}
     bool UseCompressedOops                        = true                                 {lp64_product} {ergonomic}
     bool UseG1GC                                  = true                                      {product} {ergonomic}
     bool UseLargePagesIndividualAllocation        = false                                  {pd product} {ergonomic}

Logging:
Log output configuration:
 #0: stdout all=warning uptime,level,tags
 #1: stderr all=off uptime,level,tags

Environment Variables:
JAVA_HOME=C:\Program Files\AdoptOpenJDK\jdk-11.0.7.10-hotspot
PATH=C:\Program Files\AdoptOpenJDK\jdk-11.0.7.10-hotspot\bin;C:\Program Files (x86)\NVIDIA Corporation\PhysX\Common;C:\WINDOWS\system32;C:\WINDOWS;C:\WINDOWS\System32\Wbem;C:\WINDOWS\System32\WindowsPowerShell\v1.0\;C:\Program Files (x86)\ATI Technologies\ATI.ACE\Core-Static;C:\Program Files (x86)\AMD\ATI.ACE\Core-Static;C:\Users\curtis\.dnx\bin;C:\Program Files\Microsoft DNX\Dnvm\;C:\Program Files\Microsoft SQL Server\130\Tools\Binn\;C:\Program Files (x86)\QuickTime\QTSystem\;C:\WINDOWS\System32\OpenSSH\;C:\Program Files\Git\cmd;C:\Users\curtis\AppData\Local\Microsoft\WindowsApps;
USERNAME=curtis
OS=Windows_NT
PROCESSOR_IDENTIFIER=AMD64 Family 21 Model 2 Stepping 0, AuthenticAMD



---------------  S Y S T E M  ---------------

OS: Windows 10 , 64 bit Build 18362 (10.0.18362.1110)
OS uptime: 0 days 6:55 hours

CPU:total 8 (initial active 8) (8 cores per cpu, 1 threads per core) family 21 model 2 stepping 0, cmov, cx8, fxsr, mmx, sse, sse2, sse3, ssse3, sse4.1, sse4.2, popcnt, avx, aes, clmul, mmxext, 3dnowpref, lzcnt, sse4a, tsc, tscinvbit, tscinv, bmi1, fma

Memory: 4k page, system-wide physical 8091M (1427M free)
TotalPageFile size 16091M (AvailPageFile size 0M)
current process WorkingSet (physical memory assigned to process): 68M, peak: 68M
current process commit charge ("private bytes"): 222M, peak: 223M

vm_info: OpenJDK 64-Bit Server VM (11.0.7+10) for windows-amd64 JRE (11.0.7+10), built on Apr 22 2020 11:46:09 by "" with MS VC++ 15.9 (VS2017)

END.
